14:13:57.623 [main] INFO  eshop.TestAutomation.TestComponents.BaseTest - Initial browser SetUp
14:13:59.934 [main] INFO  eshop.TestAutomation.TestComponents.BaseTest - Initial Browser has been SetUp
14:14:00.268 [main] INFO  eshop.TestAutomation.TestComponents.BaseTest - url is opened
14:14:00.272 [main] INFO  eshop.TestAutomation.TestComponents.BaseTest - ----------verifyCatalogListDisplayed-------is started
14:14:00.614 [main] INFO  PageFactory.AbstractPageComponent - Next button clicked
14:14:00.764 [main] INFO  PageFactory.AbstractPageComponent - The total list for catalog items= 12
14:14:00.766 [main] INFO  eshop.TestAutomation.TestComponents.BaseTest - ------verifyCatalogListDisplayed Passed---------
14:14:01.673 [main] INFO  eshop.TestAutomation.TestComponents.BaseTest - Initial browser SetUp
14:14:03.198 [main] INFO  eshop.TestAutomation.TestComponents.BaseTest - Initial Browser has been SetUp
14:14:03.452 [main] INFO  eshop.TestAutomation.TestComponents.BaseTest - url is opened
14:14:03.453 [main] INFO  eshop.TestAutomation.TestComponents.BaseTest - ----------verifyLogin-------is started
14:14:03.632 [main] INFO  PageFactory.AbstractPageComponent - Email entered
14:14:03.669 [main] INFO  PageFactory.AbstractPageComponent - Password entered
14:14:03.792 [main] INFO  PageFactory.AbstractPageComponent - Login clicked
14:14:03.838 [main] INFO  eshop.TestAutomation.Test.loginTest - login successful
14:14:03.838 [main] INFO  eshop.TestAutomation.TestComponents.BaseTest - ------verifyLogin Passed---------
14:14:04.570 [main] INFO  eshop.TestAutomation.TestComponents.BaseTest - Initial browser SetUp
14:14:06.072 [main] INFO  eshop.TestAutomation.TestComponents.BaseTest - Initial Browser has been SetUp
14:14:06.326 [main] INFO  eshop.TestAutomation.TestComponents.BaseTest - url is opened
14:14:06.326 [main] INFO  eshop.TestAutomation.TestComponents.BaseTest - ----------verifyLogOut-------is started
14:14:06.504 [main] INFO  PageFactory.AbstractPageComponent - Email entered
14:14:06.541 [main] INFO  PageFactory.AbstractPageComponent - Password entered
14:14:06.654 [main] INFO  PageFactory.AbstractPageComponent - Login clicked
14:14:06.709 [main] INFO  eshop.TestAutomation.Test.loginTest - login successful
14:14:06.876 [main] INFO  PageFactory.AbstractPageComponent - Cursor moved to logout menu
14:14:07.746 [main] INFO  PageFactory.AbstractPageComponent - logout button is clicked
14:14:07.803 [main] INFO  eshop.TestAutomation.Test.loginTest - logout button is Successful
14:14:07.804 [main] INFO  eshop.TestAutomation.TestComponents.BaseTest - ------verifyLogOut Passed---------
14:14:08.528 [main] INFO  eshop.TestAutomation.TestComponents.BaseTest - Initial browser SetUp
14:14:10.046 [main] INFO  eshop.TestAutomation.TestComponents.BaseTest - Initial Browser has been SetUp
14:14:10.299 [main] INFO  eshop.TestAutomation.TestComponents.BaseTest - url is opened
14:14:10.299 [main] INFO  eshop.TestAutomation.TestComponents.BaseTest - ----------verifyAddToBasket-------is started
14:14:10.435 [main] INFO  PageFactory.AbstractPageComponent - Email entered
14:14:10.471 [main] INFO  PageFactory.AbstractPageComponent - Password entered
14:14:10.585 [main] INFO  PageFactory.AbstractPageComponent - Login clicked
14:14:11.634 [main] INFO  PageFactory.AbstractPageComponent - Click on Add to Basket button
14:14:11.644 [main] INFO  eshop.TestAutomation.Test.SubmitOrderTest - User Is navigated to Basket Page
14:14:11.686 [main] INFO  eshop.TestAutomation.Test.SubmitOrderTest - [Roslyn Red Sheet]
14:14:11.686 [main] INFO  eshop.TestAutomation.Test.SubmitOrderTest - Roslyn Red Sheetis present in the basket
14:14:12.469 [main] INFO  eshop.TestAutomation.Test.SubmitOrderTest - Basket is empty.
14:14:12.469 [main] INFO  eshop.TestAutomation.Test.SubmitOrderTest - The items is removed from basket
14:14:12.470 [main] INFO  eshop.TestAutomation.TestComponents.BaseTest - ------verifyAddToBasket Passed---------
14:14:13.074 [main] INFO  eshop.TestAutomation.TestComponents.BaseTest - Initial browser SetUp
14:14:14.564 [main] INFO  eshop.TestAutomation.TestComponents.BaseTest - Initial Browser has been SetUp
14:14:14.812 [main] INFO  eshop.TestAutomation.TestComponents.BaseTest - url is opened
14:14:14.813 [main] INFO  eshop.TestAutomation.TestComponents.BaseTest - ----------verifyCheckout-------is started
14:14:14.944 [main] INFO  PageFactory.AbstractPageComponent - Email entered
14:14:14.983 [main] INFO  PageFactory.AbstractPageComponent - Password entered
14:14:15.104 [main] INFO  PageFactory.AbstractPageComponent - Login clicked
14:14:16.120 [main] INFO  PageFactory.AbstractPageComponent - Click on Add to Basket button
14:14:16.127 [main] INFO  eshop.TestAutomation.Test.SubmitOrderTest - User Is navigated to Basket Page
14:14:16.781 [main] INFO  PageObject.BasePages.BasketPage - Checkout button clicked
14:14:16.827 [main] INFO  eshop.TestAutomation.Test.SubmitOrderTest - User is navigated to checkout page
14:14:17.542 [main] INFO  PageFactory.AbstractPageComponent - Checkout is clicked
14:14:17.588 [main] INFO  eshop.TestAutomation.Test.SubmitOrderTest - User Is successful in placing the order
14:14:17.588 [main] INFO  eshop.TestAutomation.TestComponents.BaseTest - ------verifyCheckout Passed---------
16:36:42.939 [main] INFO  eshop.TestAutomation.TestComponents.BaseTest - Initial browser SetUp
16:36:45.167 [main] INFO  eshop.TestAutomation.TestComponents.BaseTest - Initial Browser has been SetUp
16:36:45.469 [main] INFO  eshop.TestAutomation.TestComponents.BaseTest - url is opened
16:36:45.472 [main] INFO  eshop.TestAutomation.TestComponents.BaseTest - ----------verifyCatalogListDisplayed-------is started
16:36:45.810 [main] INFO  PageFactory.AbstractPageComponent - Next button clicked
16:36:45.962 [main] INFO  PageFactory.AbstractPageComponent - The total list for catalog items= 12
16:36:45.964 [main] INFO  eshop.TestAutomation.TestComponents.BaseTest - ------verifyCatalogListDisplayed Passed---------
16:36:46.712 [main] INFO  eshop.TestAutomation.TestComponents.BaseTest - Initial browser SetUp
16:36:48.149 [main] INFO  eshop.TestAutomation.TestComponents.BaseTest - Initial Browser has been SetUp
16:36:48.388 [main] INFO  eshop.TestAutomation.TestComponents.BaseTest - url is opened
16:36:48.389 [main] INFO  eshop.TestAutomation.TestComponents.BaseTest - ----------verifyLogin-------is started
16:36:48.565 [main] INFO  PageFactory.AbstractPageComponent - Email entered
16:36:48.616 [main] INFO  PageFactory.AbstractPageComponent - Password entered
16:36:48.767 [main] INFO  PageFactory.AbstractPageComponent - Login clicked
16:36:48.819 [main] INFO  eshop.TestAutomation.Test.loginTest - login successful
16:36:48.819 [main] INFO  eshop.TestAutomation.TestComponents.BaseTest - ------verifyLogin Passed---------
16:36:49.394 [main] INFO  eshop.TestAutomation.TestComponents.BaseTest - Initial browser SetUp
16:36:50.865 [main] INFO  eshop.TestAutomation.TestComponents.BaseTest - Initial Browser has been SetUp
16:36:51.104 [main] INFO  eshop.TestAutomation.TestComponents.BaseTest - url is opened
16:36:51.105 [main] INFO  eshop.TestAutomation.TestComponents.BaseTest - ----------verifyLogOut-------is started
16:36:51.284 [main] INFO  PageFactory.AbstractPageComponent - Email entered
16:36:51.323 [main] INFO  PageFactory.AbstractPageComponent - Password entered
16:36:51.431 [main] INFO  PageFactory.AbstractPageComponent - Login clicked
16:36:51.473 [main] INFO  eshop.TestAutomation.Test.loginTest - login successful
16:36:51.640 [main] INFO  PageFactory.AbstractPageComponent - Cursor moved to logout menu
16:36:52.500 [main] INFO  PageFactory.AbstractPageComponent - logout button is clicked
16:36:52.560 [main] INFO  eshop.TestAutomation.Test.loginTest - logout button is Successful
16:36:52.560 [main] INFO  eshop.TestAutomation.TestComponents.BaseTest - ------verifyLogOut Passed---------
16:36:53.259 [main] INFO  eshop.TestAutomation.TestComponents.BaseTest - Initial browser SetUp
16:36:54.668 [main] INFO  eshop.TestAutomation.TestComponents.BaseTest - Initial Browser has been SetUp
16:36:54.909 [main] INFO  eshop.TestAutomation.TestComponents.BaseTest - url is opened
16:36:54.909 [main] INFO  eshop.TestAutomation.TestComponents.BaseTest - ----------verifyAddToBasket-------is started
16:36:55.043 [main] INFO  PageFactory.AbstractPageComponent - Email entered
16:36:55.083 [main] INFO  PageFactory.AbstractPageComponent - Password entered
16:36:55.192 [main] INFO  PageFactory.AbstractPageComponent - Login clicked
16:36:56.259 [main] INFO  PageFactory.AbstractPageComponent - Click on Add to Basket button
16:36:56.270 [main] INFO  eshop.TestAutomation.Test.SubmitOrderTest - User Is navigated to Basket Page
16:36:56.310 [main] INFO  eshop.TestAutomation.Test.SubmitOrderTest - [Roslyn Red Sheet]
16:36:56.310 [main] INFO  eshop.TestAutomation.Test.SubmitOrderTest - Roslyn Red Sheetis present in the basket
16:36:57.096 [main] INFO  eshop.TestAutomation.Test.SubmitOrderTest - Basket is empty.
16:36:57.097 [main] INFO  eshop.TestAutomation.Test.SubmitOrderTest - The items is removed from basket
16:36:57.097 [main] INFO  eshop.TestAutomation.TestComponents.BaseTest - ------verifyAddToBasket Passed---------
16:36:57.686 [main] INFO  eshop.TestAutomation.TestComponents.BaseTest - Initial browser SetUp
16:36:59.103 [main] INFO  eshop.TestAutomation.TestComponents.BaseTest - Initial Browser has been SetUp
16:36:59.341 [main] INFO  eshop.TestAutomation.TestComponents.BaseTest - url is opened
16:36:59.342 [main] INFO  eshop.TestAutomation.TestComponents.BaseTest - ----------verifyCheckout-------is started
16:36:59.477 [main] INFO  PageFactory.AbstractPageComponent - Email entered
16:36:59.515 [main] INFO  PageFactory.AbstractPageComponent - Password entered
16:36:59.636 [main] INFO  PageFactory.AbstractPageComponent - Login clicked
16:37:00.653 [main] INFO  PageFactory.AbstractPageComponent - Click on Add to Basket button
16:37:00.656 [main] INFO  eshop.TestAutomation.Test.SubmitOrderTest - User Is navigated to Basket Page
16:37:01.324 [main] INFO  PageObject.BasePages.BasketPage - Checkout button clicked
16:37:01.376 [main] INFO  eshop.TestAutomation.Test.SubmitOrderTest - User is navigated to checkout page
16:37:02.085 [main] INFO  PageFactory.AbstractPageComponent - Checkout is clicked
16:37:02.137 [main] INFO  eshop.TestAutomation.Test.SubmitOrderTest - User Is successful in placing the order
16:37:02.137 [main] INFO  eshop.TestAutomation.TestComponents.BaseTest - ------verifyCheckout Passed---------
